<?xml version="1.0" encoding="ISO_8859-1"?>
<bean:beans xmlns:bean="http://www.springframework.org/schema/beans"
	xmlns:xsi="http://www.w3.org/2001/XMLSchema-instance" xmlns:jdbc="http://www.springframework.org/schema/jdbc"
	xmlns:p="http://www.springframework.org/schema/p" xmlns:tx="http://www.springframework.org/schema/tx"
	xmlns:context="http://www.springframework.org/schema/context"
	xsi:schemaLocation="http://www.springframework.org/schema/beans 
        http://www.springframework.org/schema/beans/spring-beans-3.0.xsd
        http://www.springframework.org/schema/jdbc
        http://www.springframework.org/schema/jdbc/spring-jdbc-3.0.xsd
        http://www.springframework.org/schema/tx
        http://www.springframework.org/schema/tx/spring-tx-3.0.xsd
        http://www.springframework.org/schema/context 
        http://www.springframework.org/schema/context/spring-context-3.0.xsd">

	<context:property-placeholder location="classpath:jdbc.properties"
		ignore-resource-not-found="true" system-properties-mode="OVERRIDE" />	

	<bean:import resource="classpath:applicationContext.xml" />

	<jdbc:embedded-database id="dataSource" type="HSQL" >
	  	<jdbc:script location="classpath:hsql-init-schema.sql"/>
	  	<jdbc:script location="classpath:hsql-init-data.sql"/>
	</jdbc:embedded-database>
<!-- 	
	<bean:bean id="dataSource" class="org.apache.commons.dbcp.BasicDataSource"
		destroy-method="close">
		<bean:property name="driverClassName" value="${jdbc.driverClassName}" />
		<bean:property name="url" value="${jdbc.url}" />
		<bean:property name="username" value="${jdbc.username}" />
		<bean:property name="password" value="${jdbc.password}" />
	</bean:bean>
 -->
</bean:beans>